<?xml version="1.0" encoding="utf-8"?><testsuites name="pytest tests"><testsuite name="pytest" errors="0" failures="0" skipped="0" tests="29" time="7.375" timestamp="2026-03-12T06:40:17.517545+00:00" hostname="agent-env-696c991e-e4f1-4273-9e85-902340e19ab0"><testcase classname="tests.test_telegram_and_webhooks.TestHealthEndpoints" name="test_api_health_endpoint" time="0.147" /><testcase classname="tests.test_telegram_and_webhooks.TestHealthEndpoints" name="test_api_root_endpoint" time="0.102" /><testcase classname="tests.test_telegram_and_webhooks.TestTelegramWebhook" name="test_telegram_webhook_empty_update" time="0.102" /><testcase classname="tests.test_telegram_and_webhooks.TestTelegramWebhook" name="test_telegram_webhook_help_command" time="0.621" /><testcase classname="tests.test_telegram_and_webhooks.TestTelegramWebhook" name="test_telegram_webhook_start_command" time="0.343" /><testcase classname="tests.test_telegram_and_webhooks.TestTelegramWebhook" name="test_telegram_webhook_my_reminders_command" time="0.693" /><testcase classname="tests.test_telegram_and_webhooks.TestTelegramWebhook" name="test_telegram_webhook_upgrade_command" time="0.970" /><testcase classname="tests.test_telegram_and_webhooks.TestTelegramWebhook" name="test_telegram_webhook_done_command" time="0.337" /><testcase classname="tests.test_telegram_and_webhooks.TestTelegramWebhook" name="test_telegram_webhook_snooze_command" time="0.352" /><testcase classname="tests.test_telegram_and_webhooks.TestTelegramWebhook" name="test_telegram_webhook_reschedule_command" time="0.337" /><testcase classname="tests.test_telegram_and_webhooks.TestTelegramWebhook" name="test_telegram_webhook_delete_command" time="0.347" /><testcase classname="tests.test_telegram_and_webhooks.TestTelegramWebhook" name="test_telegram_webhook_creates_new_user" time="0.093" /><testcase classname="tests.test_telegram_and_webhooks.TestTelegramWebhook" name="test_telegram_webhook_natural_language_reminder" time="0.271" /><testcase classname="tests.test_telegram_and_webhooks.TestTelegramSetupEndpoints" name="test_telegram_setup_webhook_missing_url" time="0.104" /><testcase classname="tests.test_telegram_and_webhooks.TestTelegramSetupEndpoints" name="test_telegram_setup_webhook_with_url" time="0.210" /><testcase classname="tests.test_telegram_and_webhooks.TestTelegramSetupEndpoints" name="test_telegram_webhook_info" time="0.239" /><testcase classname="tests.test_telegram_and_webhooks.TestWhatsAppWebhook" name="test_whatsapp_webhook_verification_success" time="0.113" /><testcase classname="tests.test_telegram_and_webhooks.TestWhatsAppWebhook" name="test_whatsapp_webhook_verification_failure" time="0.106" /><testcase classname="tests.test_telegram_and_webhooks.TestWhatsAppWebhook" name="test_whatsapp_webhook_receive_help_message" time="0.218" /><testcase classname="tests.test_telegram_and_webhooks.TestWhatsAppWebhook" name="test_whatsapp_webhook_my_reminders_command" time="0.170" /><testcase classname="tests.test_telegram_and_webhooks.TestWhatsAppWebhook" name="test_whatsapp_webhook_upgrade_command" time="0.383" /><testcase classname="tests.test_telegram_and_webhooks.TestWhatsAppWebhook" name="test_whatsapp_webhook_empty_body" time="0.096" /><testcase classname="tests.test_telegram_and_webhooks.TestWhatsAppWebhook" name="test_whatsapp_webhook_non_message_notification" time="0.104" /><testcase classname="tests.test_telegram_and_webhooks.TestAdminDashboard" name="test_admin_dashboard_without_auth" time="0.106" /><testcase classname="tests.test_telegram_and_webhooks.TestAdminDashboard" name="test_admin_dashboard_wrong_password" time="0.094" /><testcase classname="tests.test_telegram_and_webhooks.TestAdminDashboard" name="test_admin_dashboard_correct_password" time="0.101" /><testcase classname="tests.test_telegram_and_webhooks.TestAdminDashboard" name="test_admin_dashboard_shows_stats" time="0.106" /><testcase classname="tests.test_telegram_and_webhooks.TestMongoDBPersistence" name="test_user_persistence_telegram" time="0.210" /><testcase classname="tests.test_telegram_and_webhooks.TestMongoDBPersistence" name="test_user_persistence_whatsapp" time="0.211" /></testsuite></testsuites>